<?xml version="1.0" encoding="UTF-8"?>
<testsuite xmlns:xsi="http://www.w3.org/2001/XMLSchema-instance" xsi:noNamespaceSchemaLocation="https://maven.apache.org/surefire/maven-surefire-plugin/xsd/surefire-test-report.xsd" version="3.0.1" name="com.AppTest" time="0.082" tests="1" errors="0" skipped="0" failures="0">
  <properties>
    <property name="java.specification.version" value="17"/>
    <property name="sun.cpu.isalist" value="amd64"/>
    <property name="sun.jnu.encoding" value="Cp1252"/>
    <property name="java.class.path" value="D:\Desktop\Java Full Stack - Virtusa - upGrade\Repository\Java-Full-Stack-Development-Program-Batch-1\Programs\Maven Project\SimpleMavenProject\target\test-classes;D:\Desktop\Java Full Stack - Virtusa - upGrade\Repository\Java-Full-Stack-Development-Program-Batch-1\Programs\Maven Project\SimpleMavenProject\target\classes;C:\Users\akash\.m2\repository\org\junit\jupiter\junit-jupiter-api\5.11.0\junit-jupiter-api-5.11.0.jar;C:\Users\akash\.m2\repository\org\opentest4j\opentest4j\1.3.0\opentest4j-1.3.0.jar;C:\Users\akash\.m2\repository\org\junit\platform\junit-platform-commons\1.11.0\junit-platform-commons-1.11.0.jar;C:\Users\akash\.m2\repository\org\apiguardian\apiguardian-api\1.1.2\apiguardian-api-1.1.2.jar;C:\Users\akash\.m2\repository\org\junit\jupiter\junit-jupiter-params\5.11.0\junit-jupiter-params-5.11.0.jar;"/>
    <property name="java.vm.vendor" value="Oracle Corporation"/>
    <property name="sun.arch.data.model" value="64"/>
    <property name="user.variant" value=""/>
    <property name="java.vendor.url" value="https://java.oracle.com/"/>
    <property name="user.timezone" value="Asia/Calcutta"/>
    <property name="user.country.format" value="AS"/>
    <property name="os.name" value="Windows 11"/>
    <property name="java.vm.specification.version" value="17"/>
    <property name="sun.java.launcher" value="SUN_STANDARD"/>
    <property name="user.country" value="US"/>
    <property name="sun.boot.library.path" value="C:\Program Files\Java\jdk-17.0.9\bin"/>
    <property name="sun.java.command" value="C:\Users\akash\AppData\Local\Temp\surefire14675325450375750959\surefirebooter-20251030105854731_3.jar C:\Users\akash\AppData\Local\Temp\surefire14675325450375750959 2025-10-30T10-58-54_443-jvmRun1 surefire-20251030105854731_1tmp surefire_0-20251030105854731_2tmp"/>
    <property name="jdk.debug" value="release"/>
    <property name="surefire.test.class.path" value="D:\Desktop\Java Full Stack - Virtusa - upGrade\Repository\Java-Full-Stack-Development-Program-Batch-1\Programs\Maven Project\SimpleMavenProject\target\test-classes;D:\Desktop\Java Full Stack - Virtusa - upGrade\Repository\Java-Full-Stack-Development-Program-Batch-1\Programs\Maven Project\SimpleMavenProject\target\classes;C:\Users\akash\.m2\repository\org\junit\jupiter\junit-jupiter-api\5.11.0\junit-jupiter-api-5.11.0.jar;C:\Users\akash\.m2\repository\org\opentest4j\opentest4j\1.3.0\opentest4j-1.3.0.jar;C:\Users\akash\.m2\repository\org\junit\platform\junit-platform-commons\1.11.0\junit-platform-commons-1.11.0.jar;C:\Users\akash\.m2\repository\org\apiguardian\apiguardian-api\1.1.2\apiguardian-api-1.1.2.jar;C:\Users\akash\.m2\repository\org\junit\jupiter\junit-jupiter-params\5.11.0\junit-jupiter-params-5.11.0.jar;"/>
    <property name="sun.cpu.endian" value="little"/>
    <property name="user.home" value="C:\Users\akash"/>
    <property name="user.language" value="en"/>
    <property name="java.specification.vendor" value="Oracle Corporation"/>
    <property name="java.version.date" value="2023-10-17"/>
    <property name="java.home" value="C:\Program Files\Java\jdk-17.0.9"/>
    <property name="file.separator" value="\"/>
    <property name="basedir" value="D:\Desktop\Java Full Stack - Virtusa - upGrade\Repository\Java-Full-Stack-Development-Program-Batch-1\Programs\Maven Project\SimpleMavenProject"/>
    <property name="java.vm.compressedOopsMode" value="Zero based"/>
    <property name="line.separator" value="&#10;"/>
    <property name="java.vm.specification.vendor" value="Oracle Corporation"/>
    <property name="java.specification.name" value="Java Platform API Specification"/>
    <property name="surefire.real.class.path" value="C:\Users\akash\AppData\Local\Temp\surefire14675325450375750959\surefirebooter-20251030105854731_3.jar"/>
    <property name="user.script" value=""/>
    <property name="sun.management.compiler" value="HotSpot 64-Bit Tiered Compilers"/>
    <property name="java.runtime.version" value="17.0.9+11-LTS-201"/>
    <property name="user.name" value="akash"/>
    <property name="path.separator" value=";"/>
    <property name="os.version" value="10.0"/>
    <property name="java.runtime.name" value="Java(TM) SE Runtime Environment"/>
    <property name="file.encoding" value="Cp1252"/>
    <property name="java.vm.name" value="Java HotSpot(TM) 64-Bit Server VM"/>
    <property name="localRepository" value="C:\Users\akash\.m2\repository"/>
    <property name="java.vendor.url.bug" value="https://bugreport.java.com/bugreport/"/>
    <property name="java.io.tmpdir" value="C:\Users\akash\AppData\Local\Temp\"/>
    <property name="java.version" value="17.0.9"/>
    <property name="user.dir" value="D:\Desktop\Java Full Stack - Virtusa - upGrade\Repository\Java-Full-Stack-Development-Program-Batch-1\Programs\Maven Project\SimpleMavenProject"/>
    <property name="os.arch" value="amd64"/>
    <property name="java.vm.specification.name" value="Java Virtual Machine Specification"/>
    <property name="sun.os.patch.level" value=""/>
    <property name="native.encoding" value="Cp1252"/>
    <property name="java.library.path" value="C:\Program Files\Java\jdk-17.0.9\bin;C:\WINDOWS\Sun\Java\bin;C:\WINDOWS\system32;C:\WINDOWS;C:\Python312\Scripts\;C:\Python312\;C:\Users\akash\Documents\product\11.2.0\dbhome_1\bin;C:\windows\system32;C:\windows;C:\windows\System32\Wbem;C:\windows\System32\WindowsPowerShell\v1.0\;C:\windows\System32\OpenSSH\;C:\Program Files\Docker\Docker\resources\bin;C:\ProgramData\chocolatey\bin;C:\terraform;C:\Program Files (x86)\Google\Cloud SDK\google-cloud-sdk\bin;C:\WINDOWS\system32;C:\WINDOWS;C:\WINDOWS\System32\Wbem;C:\WINDOWS\System32\WindowsPowerShell\v1.0\;C:\WINDOWS\System32\OpenSSH\;C:\Program Files\nodejs\;C:\Program Files\Git\cmd;C:\Users\akash\AppData\Local\Programs\Python\Python311\Scripts\;C:\Users\akash\AppData\Local\Programs\Python\Python311\;C:\Users\akash\AppData\Local\Microsoft\WindowsApps;C:\Program Files\apache-maven-3.8.7-bin\apache-maven-3.8.7\bin;C:\Program Files\apache-maven-3.9.6-bin\apache-maven-3.9.6\bin;C:\Users\akash\AppData\Local\Programs\Python\Python311;C:\Program Files\terraform;C:\Program Files\PostgreSQL\16\bin;C:\Program Files\JetBrains\PyCharm 2023.3.4\bin;C:\Program Files\JetBrains\IntelliJ IDEA 2023.3.5\bin;C:\Users\akash\AppData\Local\Programs\Microsoft VS Code\bin;C:\Users\akash\AppData\Local\Microsoft\WinGet\Packages\Schniz.fnm_Microsoft.Winget.Source_8wekyb3d8bbwe;C:\Users\akash\AppData\Local\Programs\Ollama;C:\Users\akash\AppData\Local\Microsoft\WindowsApps;C:\Program Files\sbt\bin;C:\Program Files\Java\jdk-17.0.9\bin;C:\Program Files\apache-maven-3.9.6-bin\apache-maven-3.9.6\bin;C:\Spark\spark-3.4.4-bin-hadoop3\bin;C:\Hadoop\bin;C:\Program Files (x86)\scala\bin;C:\Users\akash\AppData\Roaming\npm;."/>
    <property name="java.vm.info" value="mixed mode, sharing"/>
    <property name="java.vendor" value="Oracle Corporation"/>
    <property name="java.vm.version" value="17.0.9+11-LTS-201"/>
    <property name="sun.io.unicode.encoding" value="UnicodeLittle"/>
    <property name="java.class.version" value="61.0"/>
  </properties>
  <testcase name="shouldAnswerWithTrue" classname="com.AppTest" time="0.046"/>
</testsuite>